c:\acs\an_6_sem_1\mg3d\proiectmg3d\proiectmg3d\x64\debug\vc142.pdb
c:\acs\an_6_sem_1\mg3d\proiectmg3d\proiectmg3d\x64\debug\vc142.idb
c:\acs\an_6_sem_1\mg3d\proiectmg3d\proiectmg3d\x64\debug\main.obj
c:\acs\an_6_sem_1\mg3d\proiectmg3d\proiectmg3d\x64\debug\stb.obj
c:\acs\an_6_sem_1\mg3d\proiectmg3d\proiectmg3d\x64\debug\mouse.obj
c:\acs\an_6_sem_1\mg3d\proiectmg3d\proiectmg3d\x64\debug\keyboard.obj
c:\acs\an_6_sem_1\mg3d\proiectmg3d\proiectmg3d\x64\debug\texture.obj
c:\acs\an_6_sem_1\mg3d\proiectmg3d\proiectmg3d\x64\debug\shader.obj
c:\acs\an_6_sem_1\mg3d\proiectmg3d\proiectmg3d\x64\debug\mesh.obj
c:\acs\an_6_sem_1\mg3d\proiectmg3d\proiectmg3d\x64\debug\material.obj
c:\acs\an_6_sem_1\mg3d\proiectmg3d\proiectmg3d\x64\debug\camera.obj
c:\acs\an_6_sem_1\mg3d\proiectmg3d\proiectmg3d\x64\debug\imgui_widgets.obj
c:\acs\an_6_sem_1\mg3d\proiectmg3d\proiectmg3d\x64\debug\imgui_tables.obj
c:\acs\an_6_sem_1\mg3d\proiectmg3d\proiectmg3d\x64\debug\imgui_impl_opengl3.obj
c:\acs\an_6_sem_1\mg3d\proiectmg3d\proiectmg3d\x64\debug\imgui_impl_glfw.obj
c:\acs\an_6_sem_1\mg3d\proiectmg3d\proiectmg3d\x64\debug\imgui_draw.obj
c:\acs\an_6_sem_1\mg3d\proiectmg3d\proiectmg3d\x64\debug\imgui_demo.obj
c:\acs\an_6_sem_1\mg3d\proiectmg3d\proiectmg3d\x64\debug\imgui.obj
c:\acs\an_6_sem_1\mg3d\proiectmg3d\proiectmg3d\x64\debug\text.obj
c:\acs\an_6_sem_1\mg3d\proiectmg3d\proiectmg3d\x64\debug\slider.obj
c:\acs\an_6_sem_1\mg3d\proiectmg3d\proiectmg3d\x64\debug\input_text.obj
c:\acs\an_6_sem_1\mg3d\proiectmg3d\proiectmg3d\x64\debug\button.obj
c:\acs\an_6_sem_1\mg3d\proiectmg3d\proiectmg3d\x64\debug\dropdown.obj
c:\acs\an_6_sem_1\mg3d\proiectmg3d\proiectmg3d\x64\debug\simple_scene.obj
c:\acs\an_6_sem_1\mg3d\proiectmg3d\proiectmg3d\x64\debug\scene.obj
c:\acs\an_6_sem_1\mg3d\proiectmg3d\proiectmg3d\x64\debug\tinyxml2.obj
c:\acs\an_6_sem_1\mg3d\proiectmg3d\proiectmg3d\x64\debug\glad.obj
c:\acs\an_6_sem_1\mg3d\proiectmg3d\proiectmg3d\x64\debug\game_object.obj
c:\acs\an_6_sem_1\mg3d\proiectmg3d\proiectmg3d\x64\debug\light.obj
c:\acs\an_6_sem_1\mg3d\proiectmg3d\x64\debug\proiectmg3d.exe
c:\acs\an_6_sem_1\mg3d\proiectmg3d\proiectmg3d\x64\debug\proiectmg3d.ilk
c:\acs\an_6_sem_1\mg3d\proiectmg3d\x64\debug\proiectmg3d.pdb
c:\acs\an_6_sem_1\mg3d\proiectmg3d\proiectmg3d\x64\debug\proiectmg3d.tlog\cl.command.1.tlog
c:\acs\an_6_sem_1\mg3d\proiectmg3d\proiectmg3d\x64\debug\proiectmg3d.tlog\cl.read.1.tlog
c:\acs\an_6_sem_1\mg3d\proiectmg3d\proiectmg3d\x64\debug\proiectmg3d.tlog\cl.write.1.tlog
c:\acs\an_6_sem_1\mg3d\proiectmg3d\proiectmg3d\x64\debug\proiectmg3d.tlog\link.command.1.tlog
c:\acs\an_6_sem_1\mg3d\proiectmg3d\proiectmg3d\x64\debug\proiectmg3d.tlog\link.read.1.tlog
c:\acs\an_6_sem_1\mg3d\proiectmg3d\proiectmg3d\x64\debug\proiectmg3d.tlog\link.write.1.tlog
